/pfs/work9/workspace/scratch/ma_lilipper-lippert_bachelorthesis_ws/miniconda3/envs/diffusion-classifier/lib/python3.9/site-packages/xformers/ops/fmha/flash.py:211: FutureWarning: `torch.library.impl_abstract` was renamed to `torch.library.register_fake`. Please use that instead; we will remove `torch.library.impl_abstract` in a future version of PyTorch.
  @torch.library.impl_abstract("xformers_flash::flash_fwd")
/pfs/work9/workspace/scratch/ma_lilipper-lippert_bachelorthesis_ws/miniconda3/envs/diffusion-classifier/lib/python3.9/site-packages/xformers/ops/fmha/flash.py:344: FutureWarning: `torch.library.impl_abstract` was renamed to `torch.library.register_fake`. Please use that instead; we will remove `torch.library.impl_abstract` in a future version of PyTorch.
  @torch.library.impl_abstract("xformers_flash::flash_bwd")
Couldn't connect to the Hub: 401 Client Error. (Request ID: Root=1-691f8bc4-3b9c6f1530fa42c71dead628;5e89cac7-03f0-4aa1-b9af-b2a0a1c42e5e)

Repository Not Found for url: https://huggingface.co/api/models/stabilityai/stable-diffusion-2-1-base.
Please make sure you specified the correct `repo_id` and `repo_type`.
If you are trying to access a private or gated repo, make sure you are authenticated. For more details, see https://huggingface.co/docs/huggingface_hub/authentication
Invalid username or password..
Will try to load from local cache.
Loading pipeline components...:   0%|          | 0/6 [00:00<?, ?it/s]Loading pipeline components...:  33%|███▎      | 2/6 [00:00<00:00,  4.73it/s]Loading pipeline components...:  50%|█████     | 3/6 [00:00<00:00,  3.92it/s]Loading pipeline components...:  67%|██████▋   | 4/6 [00:01<00:00,  3.52it/s]Loading pipeline components...: 100%|██████████| 6/6 [00:01<00:00,  6.03it/s]Loading pipeline components...: 100%|██████████| 6/6 [00:01<00:00,  5.08it/s]
/pfs/work9/workspace/scratch/ma_lilipper-lippert_bachelorthesis_ws/Bachelorarbeit/diffusion_classifier/adapter_multichannel/train_dc_with_original_cn_multichannel_dropout.py:48: FutureWarning: Accessing config attribute `in_channels` directly via 'ControlNetModel' object attribute is deprecated. Please access 'in_channels' over 'ControlNetModel's config object instead, e.g. 'unet.config.in_channels'.
  return getattr(self.base, name)
/pfs/work9/workspace/scratch/ma_lilipper-lippert_bachelorthesis_ws/Bachelorarbeit/diffusion_classifier/adapter_multichannel/train_dc_with_original_cn_multichannel_dropout.py:48: FutureWarning: Accessing config attribute `in_channels` directly via 'ControlNetModel' object attribute is deprecated. Please access 'in_channels' over 'ControlNetModel's config object instead, e.g. 'unet.config.in_channels'.
  return getattr(self.base, name)
Traceback (most recent call last):
  File "/pfs/work9/workspace/scratch/ma_lilipper-lippert_bachelorthesis_ws/Bachelorarbeit/diffusion_classifier/adapter_multichannel/train_dc_with_original_cn_multichannel_dropout.py", line 745, in <module>
    main()
  File "/pfs/work9/workspace/scratch/ma_lilipper-lippert_bachelorthesis_ws/Bachelorarbeit/diffusion_classifier/adapter_multichannel/train_dc_with_original_cn_multichannel_dropout.py", line 635, in main
    tr_loss, tr_acc = train_one_epoch(
  File "/pfs/work9/workspace/scratch/ma_lilipper-lippert_bachelorthesis_ws/Bachelorarbeit/diffusion_classifier/adapter_multichannel/train_dc_with_original_cn_multichannel_dropout.py", line 269, in train_one_epoch
    class_errors_batch = pool_prompt_errors_to_class_errors_batch(
  File "/pfs/work9/workspace/scratch/ma_lilipper-lippert_bachelorthesis_ws/Bachelorarbeit/diffusion_classifier/adapter/help_functions.py", line 211, in pool_prompt_errors_to_class_errors_batch
    B, P = errors_per_prompt.shape
ValueError: not enough values to unpack (expected 2, got 1)
