/pfs/work9/workspace/scratch/ma_lilipper-lippert_bachelorthesis_ws/miniconda3/envs/diffusion-classifier/lib/python3.9/site-packages/xformers/ops/fmha/flash.py:211: FutureWarning: `torch.library.impl_abstract` was renamed to `torch.library.register_fake`. Please use that instead; we will remove `torch.library.impl_abstract` in a future version of PyTorch.
  @torch.library.impl_abstract("xformers_flash::flash_fwd")
/pfs/work9/workspace/scratch/ma_lilipper-lippert_bachelorthesis_ws/miniconda3/envs/diffusion-classifier/lib/python3.9/site-packages/xformers/ops/fmha/flash.py:344: FutureWarning: `torch.library.impl_abstract` was renamed to `torch.library.register_fake`. Please use that instead; we will remove `torch.library.impl_abstract` in a future version of PyTorch.
  @torch.library.impl_abstract("xformers_flash::flash_bwd")
Loading pipeline components...:   0%|          | 0/6 [00:00<?, ?it/s]Loading pipeline components...:  17%|█▋        | 1/6 [00:00<00:01,  3.34it/s]Loading pipeline components...:  67%|██████▋   | 4/6 [00:00<00:00,  7.28it/s]Loading pipeline components...:  83%|████████▎ | 5/6 [00:01<00:00,  4.28it/s]Loading pipeline components...: 100%|██████████| 6/6 [00:01<00:00,  4.38it/s]Loading pipeline components...: 100%|██████████| 6/6 [00:01<00:00,  4.63it/s]
/pfs/work9/workspace/scratch/ma_lilipper-lippert_bachelorthesis_ws/Bachelorarbeit/diffusion_classifier/adapter_multichannel/train_dc_with_original_cn_multichannel.py:429: FutureWarning: Accessing config attribute `in_channels` directly via 'ControlNetModel' object attribute is deprecated. Please access 'in_channels' over 'ControlNetModel's config object instead, e.g. 'unet.config.in_channels'.
  print("controlnet config in/out:", getattr(controlnet, "in_channels", None), getattr(controlnet, "out_channels", None))
/pfs/work9/workspace/scratch/ma_lilipper-lippert_bachelorthesis_ws/miniconda3/envs/diffusion-classifier/lib/python3.9/site-packages/torch/utils/checkpoint.py:1399: FutureWarning: `torch.cpu.amp.autocast(args...)` is deprecated. Please use `torch.amp.autocast('cpu', args...)` instead.
  with device_autocast_ctx, torch.cpu.amp.autocast(**cpu_autocast_kwargs), recompute_context:  # type: ignore[attr-defined]
Loading pipeline components...:   0%|          | 0/6 [00:00<?, ?it/s]Loading pipeline components...:  17%|█▋        | 1/6 [00:00<00:00,  7.30it/s]Loading pipeline components...:  67%|██████▋   | 4/6 [00:00<00:00,  8.17it/s]Loading pipeline components...:  83%|████████▎ | 5/6 [00:00<00:00,  5.59it/s]Loading pipeline components...: 100%|██████████| 6/6 [00:01<00:00,  5.45it/s]Loading pipeline components...: 100%|██████████| 6/6 [00:01<00:00,  5.91it/s]
/pfs/work9/workspace/scratch/ma_lilipper-lippert_bachelorthesis_ws/Bachelorarbeit/diffusion_classifier/adapter_multichannel/train_dc_with_original_cn_multichannel.py:429: FutureWarning: Accessing config attribute `in_channels` directly via 'ControlNetModel' object attribute is deprecated. Please access 'in_channels' over 'ControlNetModel's config object instead, e.g. 'unet.config.in_channels'.
  print("controlnet config in/out:", getattr(controlnet, "in_channels", None), getattr(controlnet, "out_channels", None))
/pfs/work9/workspace/scratch/ma_lilipper-lippert_bachelorthesis_ws/miniconda3/envs/diffusion-classifier/lib/python3.9/site-packages/torch/utils/checkpoint.py:1399: FutureWarning: `torch.cpu.amp.autocast(args...)` is deprecated. Please use `torch.amp.autocast('cpu', args...)` instead.
  with device_autocast_ctx, torch.cpu.amp.autocast(**cpu_autocast_kwargs), recompute_context:  # type: ignore[attr-defined]
Loading pipeline components...:   0%|          | 0/6 [00:00<?, ?it/s]Loading pipeline components...:  17%|█▋        | 1/6 [00:00<00:00,  6.00it/s]Loading pipeline components...:  67%|██████▋   | 4/6 [00:00<00:00,  4.95it/s]Loading pipeline components...:  83%|████████▎ | 5/6 [00:01<00:00,  3.72it/s]Loading pipeline components...: 100%|██████████| 6/6 [00:01<00:00,  4.06it/s]Loading pipeline components...: 100%|██████████| 6/6 [00:01<00:00,  4.20it/s]
/pfs/work9/workspace/scratch/ma_lilipper-lippert_bachelorthesis_ws/Bachelorarbeit/diffusion_classifier/adapter_multichannel/train_dc_with_original_cn_multichannel.py:429: FutureWarning: Accessing config attribute `in_channels` directly via 'ControlNetModel' object attribute is deprecated. Please access 'in_channels' over 'ControlNetModel's config object instead, e.g. 'unet.config.in_channels'.
  print("controlnet config in/out:", getattr(controlnet, "in_channels", None), getattr(controlnet, "out_channels", None))
/pfs/work9/workspace/scratch/ma_lilipper-lippert_bachelorthesis_ws/miniconda3/envs/diffusion-classifier/lib/python3.9/site-packages/torch/utils/checkpoint.py:1399: FutureWarning: `torch.cpu.amp.autocast(args...)` is deprecated. Please use `torch.amp.autocast('cpu', args...)` instead.
  with device_autocast_ctx, torch.cpu.amp.autocast(**cpu_autocast_kwargs), recompute_context:  # type: ignore[attr-defined]
slurmstepd: error: *** JOB 2007815 ON uc3n081 CANCELLED AT 2025-10-30T10:45:46 DUE TO TIME LIMIT ***
