/pfs/work9/workspace/scratch/ma_lilipper-lippert_bachelorthesis_ws/miniconda3/envs/diffusion-classifier/lib/python3.9/site-packages/xformers/ops/fmha/flash.py:211: FutureWarning: `torch.library.impl_abstract` was renamed to `torch.library.register_fake`. Please use that instead; we will remove `torch.library.impl_abstract` in a future version of PyTorch.
  @torch.library.impl_abstract("xformers_flash::flash_fwd")
/pfs/work9/workspace/scratch/ma_lilipper-lippert_bachelorthesis_ws/miniconda3/envs/diffusion-classifier/lib/python3.9/site-packages/xformers/ops/fmha/flash.py:344: FutureWarning: `torch.library.impl_abstract` was renamed to `torch.library.register_fake`. Please use that instead; we will remove `torch.library.impl_abstract` in a future version of PyTorch.
  @torch.library.impl_abstract("xformers_flash::flash_bwd")
Couldn't connect to the Hub: 401 Client Error. (Request ID: Root=1-691d380a-5ff6ff140fdd699a0ece578b;3da992f9-46dc-4c41-b691-56b73f5fab22)

Repository Not Found for url: https://huggingface.co/api/models/stabilityai/stable-diffusion-2-1-base.
Please make sure you specified the correct `repo_id` and `repo_type`.
If you are trying to access a private or gated repo, make sure you are authenticated. For more details, see https://huggingface.co/docs/huggingface_hub/authentication
Invalid username or password..
Will try to load from local cache.
Loading pipeline components...:   0%|          | 0/6 [00:00<?, ?it/s]Loading pipeline components...:  33%|███▎      | 2/6 [00:00<00:00,  7.80it/s]Loading pipeline components...:  50%|█████     | 3/6 [00:00<00:00,  3.59it/s]Loading pipeline components...:  67%|██████▋   | 4/6 [00:00<00:00,  4.12it/s]Loading pipeline components...: 100%|██████████| 6/6 [00:01<00:00,  5.83it/s]Loading pipeline components...: 100%|██████████| 6/6 [00:01<00:00,  5.27it/s]
/pfs/work9/workspace/scratch/ma_lilipper-lippert_bachelorthesis_ws/Bachelorarbeit/diffusion_classifier/adapter_inject/train_dc_with_original_cn.py:378: FutureWarning: Accessing config attribute `in_channels` directly via 'ControlNetModel' object attribute is deprecated. Please access 'in_channels' over 'ControlNetModel's config object instead, e.g. 'unet.config.in_channels'.
  print("controlnet config in/out:", getattr(controlnet, "in_channels", None), getattr(controlnet, "out_channels", None))
/pfs/work9/workspace/scratch/ma_lilipper-lippert_bachelorthesis_ws/miniconda3/envs/diffusion-classifier/lib/python3.9/site-packages/torch/utils/checkpoint.py:1399: FutureWarning: `torch.cpu.amp.autocast(args...)` is deprecated. Please use `torch.amp.autocast('cpu', args...)` instead.
  with device_autocast_ctx, torch.cpu.amp.autocast(**cpu_autocast_kwargs), recompute_context:  # type: ignore[attr-defined]
/pfs/work9/workspace/scratch/ma_lilipper-lippert_bachelorthesis_ws/miniconda3/envs/diffusion-classifier/lib/python3.9/site-packages/torch/utils/checkpoint.py:1399: FutureWarning: `torch.cpu.amp.autocast(args...)` is deprecated. Please use `torch.amp.autocast('cpu', args...)` instead.
  with device_autocast_ctx, torch.cpu.amp.autocast(**cpu_autocast_kwargs), recompute_context:  # type: ignore[attr-defined]
/pfs/work9/workspace/scratch/ma_lilipper-lippert_bachelorthesis_ws/miniconda3/envs/diffusion-classifier/lib/python3.9/site-packages/torch/utils/checkpoint.py:1399: FutureWarning: `torch.cpu.amp.autocast(args...)` is deprecated. Please use `torch.amp.autocast('cpu', args...)` instead.
  with device_autocast_ctx, torch.cpu.amp.autocast(**cpu_autocast_kwargs), recompute_context:  # type: ignore[attr-defined]
/pfs/work9/workspace/scratch/ma_lilipper-lippert_bachelorthesis_ws/miniconda3/envs/diffusion-classifier/lib/python3.9/site-packages/torch/utils/checkpoint.py:1399: FutureWarning: `torch.cpu.amp.autocast(args...)` is deprecated. Please use `torch.amp.autocast('cpu', args...)` instead.
  with device_autocast_ctx, torch.cpu.amp.autocast(**cpu_autocast_kwargs), recompute_context:  # type: ignore[attr-defined]
/pfs/work9/workspace/scratch/ma_lilipper-lippert_bachelorthesis_ws/miniconda3/envs/diffusion-classifier/lib/python3.9/site-packages/torch/utils/checkpoint.py:1399: FutureWarning: `torch.cpu.amp.autocast(args...)` is deprecated. Please use `torch.amp.autocast('cpu', args...)` instead.
  with device_autocast_ctx, torch.cpu.amp.autocast(**cpu_autocast_kwargs), recompute_context:  # type: ignore[attr-defined]
