/pfs/work9/workspace/scratch/ma_lilipper-lippert_bachelorthesis_ws/miniconda3/envs/diffusion-classifier/lib/python3.9/site-packages/xformers/ops/fmha/flash.py:211: FutureWarning: `torch.library.impl_abstract` was renamed to `torch.library.register_fake`. Please use that instead; we will remove `torch.library.impl_abstract` in a future version of PyTorch.
  @torch.library.impl_abstract("xformers_flash::flash_fwd")
/pfs/work9/workspace/scratch/ma_lilipper-lippert_bachelorthesis_ws/miniconda3/envs/diffusion-classifier/lib/python3.9/site-packages/xformers/ops/fmha/flash.py:344: FutureWarning: `torch.library.impl_abstract` was renamed to `torch.library.register_fake`. Please use that instead; we will remove `torch.library.impl_abstract` in a future version of PyTorch.
  @torch.library.impl_abstract("xformers_flash::flash_bwd")
Couldn't connect to the Hub: 401 Client Error. (Request ID: Root=1-691d9ed8-13c431580701a43b58432735;e9c0dfae-2ad2-4f67-abcf-9e9f2923085d)

Repository Not Found for url: https://huggingface.co/api/models/stabilityai/stable-diffusion-2-1-base.
Please make sure you specified the correct `repo_id` and `repo_type`.
If you are trying to access a private or gated repo, make sure you are authenticated. For more details, see https://huggingface.co/docs/huggingface_hub/authentication
Invalid username or password..
Will try to load from local cache.
Loading pipeline components...:   0%|          | 0/6 [00:00<?, ?it/s]Loading pipeline components...:  17%|█▋        | 1/6 [00:00<00:01,  2.93it/s]Loading pipeline components...:  33%|███▎      | 2/6 [00:00<00:01,  3.63it/s]Loading pipeline components...:  67%|██████▋   | 4/6 [00:00<00:00,  5.28it/s]Loading pipeline components...: 100%|██████████| 6/6 [00:01<00:00,  5.93it/s]Loading pipeline components...: 100%|██████████| 6/6 [00:01<00:00,  5.27it/s]
/pfs/work9/workspace/scratch/ma_lilipper-lippert_bachelorthesis_ws/Bachelorarbeit/diffusion_classifier/adapter_multichannel/train_dc_with_original_cn_multichannel_dropout.py:48: FutureWarning: Accessing config attribute `in_channels` directly via 'ControlNetModel' object attribute is deprecated. Please access 'in_channels' over 'ControlNetModel's config object instead, e.g. 'unet.config.in_channels'.
  return getattr(self.base, name)
/pfs/work9/workspace/scratch/ma_lilipper-lippert_bachelorthesis_ws/Bachelorarbeit/diffusion_classifier/adapter_multichannel/train_dc_with_original_cn_multichannel_dropout.py:48: FutureWarning: Accessing config attribute `in_channels` directly via 'ControlNetModel' object attribute is deprecated. Please access 'in_channels' over 'ControlNetModel's config object instead, e.g. 'unet.config.in_channels'.
  return getattr(self.base, name)
/pfs/work9/workspace/scratch/ma_lilipper-lippert_bachelorthesis_ws/miniconda3/envs/diffusion-classifier/lib/python3.9/site-packages/torch/utils/checkpoint.py:1399: FutureWarning: `torch.cpu.amp.autocast(args...)` is deprecated. Please use `torch.amp.autocast('cpu', args...)` instead.
  with device_autocast_ctx, torch.cpu.amp.autocast(**cpu_autocast_kwargs), recompute_context:  # type: ignore[attr-defined]
Traceback (most recent call last):
  File "/pfs/work9/workspace/scratch/ma_lilipper-lippert_bachelorthesis_ws/Bachelorarbeit/diffusion_classifier/adapter_multichannel/train_dc_with_original_cn_multichannel_dropout.py", line 741, in <module>
    main()
  File "/pfs/work9/workspace/scratch/ma_lilipper-lippert_bachelorthesis_ws/Bachelorarbeit/diffusion_classifier/adapter_multichannel/train_dc_with_original_cn_multichannel_dropout.py", line 631, in main
    tr_loss, tr_acc = train_one_epoch(
  File "/pfs/work9/workspace/scratch/ma_lilipper-lippert_bachelorthesis_ws/Bachelorarbeit/diffusion_classifier/adapter_multichannel/train_dc_with_original_cn_multichannel_dropout.py", line 314, in train_one_epoch
    scheduler.step()
  File "/pfs/work9/workspace/scratch/ma_lilipper-lippert_bachelorthesis_ws/miniconda3/envs/diffusion-classifier/lib/python3.9/site-packages/torch/optim/lr_scheduler.py", line 230, in step
    values = self.get_lr()
  File "/pfs/work9/workspace/scratch/ma_lilipper-lippert_bachelorthesis_ws/miniconda3/envs/diffusion-classifier/lib/python3.9/site-packages/torch/optim/lr_scheduler.py", line 2087, in get_lr
    raise ValueError(
ValueError: Tried to step 121 times. The specified number of total steps is 120
