/pfs/work9/workspace/scratch/ma_lilipper-lippert_bachelorthesis_ws/miniconda3/envs/diffusion-classifier/lib/python3.9/site-packages/xformers/ops/fmha/flash.py:211: FutureWarning: `torch.library.impl_abstract` was renamed to `torch.library.register_fake`. Please use that instead; we will remove `torch.library.impl_abstract` in a future version of PyTorch.
  @torch.library.impl_abstract("xformers_flash::flash_fwd")
/pfs/work9/workspace/scratch/ma_lilipper-lippert_bachelorthesis_ws/miniconda3/envs/diffusion-classifier/lib/python3.9/site-packages/xformers/ops/fmha/flash.py:344: FutureWarning: `torch.library.impl_abstract` was renamed to `torch.library.register_fake`. Please use that instead; we will remove `torch.library.impl_abstract` in a future version of PyTorch.
  @torch.library.impl_abstract("xformers_flash::flash_bwd")
Couldn't connect to the Hub: 401 Client Error. (Request ID: Root=1-691d380f-3f38c51a5ce973832f055375;741af44a-8573-4830-bdc9-f0ed3f3e6f0c)

Repository Not Found for url: https://huggingface.co/api/models/stabilityai/stable-diffusion-2-1-base.
Please make sure you specified the correct `repo_id` and `repo_type`.
If you are trying to access a private or gated repo, make sure you are authenticated. For more details, see https://huggingface.co/docs/huggingface_hub/authentication
Invalid username or password..
Will try to load from local cache.
Loading pipeline components...:   0%|          | 0/6 [00:00<?, ?it/s]Loading pipeline components...:  33%|███▎      | 2/6 [00:00<00:00, 12.21it/s]Loading pipeline components...: 100%|██████████| 6/6 [00:00<00:00, 23.25it/s]
/pfs/work9/workspace/scratch/ma_lilipper-lippert_bachelorthesis_ws/Bachelorarbeit/diffusion_classifier/adapter_multichannel/train_dc_with_original_cn_multichannel_dropout.py:46: FutureWarning: Accessing config attribute `in_channels` directly via 'ControlNetModel' object attribute is deprecated. Please access 'in_channels' over 'ControlNetModel's config object instead, e.g. 'unet.config.in_channels'.
  return getattr(self.base, name)
/pfs/work9/workspace/scratch/ma_lilipper-lippert_bachelorthesis_ws/Bachelorarbeit/diffusion_classifier/adapter_multichannel/train_dc_with_original_cn_multichannel_dropout.py:46: FutureWarning: Accessing config attribute `in_channels` directly via 'ControlNetModel' object attribute is deprecated. Please access 'in_channels' over 'ControlNetModel's config object instead, e.g. 'unet.config.in_channels'.
  return getattr(self.base, name)
/pfs/work9/workspace/scratch/ma_lilipper-lippert_bachelorthesis_ws/miniconda3/envs/diffusion-classifier/lib/python3.9/site-packages/torch/utils/checkpoint.py:1399: FutureWarning: `torch.cpu.amp.autocast(args...)` is deprecated. Please use `torch.amp.autocast('cpu', args...)` instead.
  with device_autocast_ctx, torch.cpu.amp.autocast(**cpu_autocast_kwargs), recompute_context:  # type: ignore[attr-defined]
/pfs/work9/workspace/scratch/ma_lilipper-lippert_bachelorthesis_ws/Bachelorarbeit/diffusion_classifier/adapter_multichannel/train_dc_with_original_cn_multichannel_dropout.py:640: FutureWarning: You are using `torch.load` with `weights_only=False` (the current default value), which uses the default pickle module implicitly. It is possible to construct malicious pickle data which will execute arbitrary code during unpickling (See https://github.com/pytorch/pytorch/blob/main/SECURITY.md#untrusted-models for more details). In a future release, the default value for `weights_only` will be flipped to `True`. This limits the functions that could be executed during unpickling. Arbitrary objects will no longer be allowed to be loaded via this mode unless they are explicitly allowlisted by the user via `torch.serialization.add_safe_globals`. We recommend you start setting `weights_only=True` for any use case where you don't have full control of the loaded file. Please open an issue on GitHub for any issues related to this experimental feature.
  ckpt = torch.load(model_path, map_location="cpu")
Couldn't connect to the Hub: 401 Client Error. (Request ID: Root=1-6920d5c4-5794ace766acf54b232811ec;03f3cee8-a294-456b-acf5-653edff97eb6)

Repository Not Found for url: https://huggingface.co/api/models/stabilityai/stable-diffusion-2-1-base.
Please make sure you specified the correct `repo_id` and `repo_type`.
If you are trying to access a private or gated repo, make sure you are authenticated. For more details, see https://huggingface.co/docs/huggingface_hub/authentication
Invalid username or password..
Will try to load from local cache.
Loading pipeline components...:   0%|          | 0/6 [00:00<?, ?it/s]Loading pipeline components...:  17%|█▋        | 1/6 [00:00<00:03,  1.56it/s]Loading pipeline components...:  33%|███▎      | 2/6 [00:00<00:01,  2.75it/s]Loading pipeline components...:  67%|██████▋   | 4/6 [00:01<00:00,  4.49it/s]Loading pipeline components...: 100%|██████████| 6/6 [00:01<00:00,  5.38it/s]Loading pipeline components...: 100%|██████████| 6/6 [00:01<00:00,  4.36it/s]
Traceback (most recent call last):
  File "/pfs/work9/workspace/scratch/ma_lilipper-lippert_bachelorthesis_ws/Bachelorarbeit/diffusion_classifier/adapter_multichannel/train_dc_with_original_cn_multichannel_dropout.py", line 713, in <module>
    eargs_f = FE()
  File "/pfs/work9/workspace/scratch/ma_lilipper-lippert_bachelorthesis_ws/Bachelorarbeit/diffusion_classifier/adapter_multichannel/train_dc_with_original_cn_multichannel_dropout.py", line 700, in main
    final_loader = DataLoader(final_ds, batch_size=1, shuffle=False,
  File "/pfs/work9/workspace/scratch/ma_lilipper-lippert_bachelorthesis_ws/miniconda3/envs/diffusion-classifier/lib/python3.9/site-packages/torch/utils/_contextlib.py", line 116, in decorate_context
    return func(*args, **kwargs)
  File "/pfs/work9/workspace/scratch/ma_lilipper-lippert_bachelorthesis_ws/Bachelorarbeit/diffusion_classifier/adapter_multichannel/train_dc_with_original_cn_multichannel_dropout.py", line 389, in validate
    control_cond_img = vae.decode(lat / 0.18215).sample
  File "/pfs/work9/workspace/scratch/ma_lilipper-lippert_bachelorthesis_ws/Bachelorarbeit/diffusion_classifier/eval_prob_adaptive.py", line 211, in eval_prob_adaptive_differentiable
    conditioning_scale=args.cond_scale, controlnet_cond=controlnet_cond
AttributeError: 'FE' object has no attribute 'cond_scale'
