/pfs/work9/workspace/scratch/ma_lilipper-lippert_bachelorthesis_ws/miniconda3/envs/diffusion-classifier/lib/python3.9/site-packages/xformers/ops/fmha/flash.py:211: FutureWarning: `torch.library.impl_abstract` was renamed to `torch.library.register_fake`. Please use that instead; we will remove `torch.library.impl_abstract` in a future version of PyTorch.
  @torch.library.impl_abstract("xformers_flash::flash_fwd")
/pfs/work9/workspace/scratch/ma_lilipper-lippert_bachelorthesis_ws/miniconda3/envs/diffusion-classifier/lib/python3.9/site-packages/xformers/ops/fmha/flash.py:344: FutureWarning: `torch.library.impl_abstract` was renamed to `torch.library.register_fake`. Please use that instead; we will remove `torch.library.impl_abstract` in a future version of PyTorch.
  @torch.library.impl_abstract("xformers_flash::flash_bwd")
/pfs/work9/workspace/scratch/ma_lilipper-lippert_bachelorthesis_ws/miniconda3/envs/diffusion-classifier/lib/python3.9/site-packages/generative/networks/layers/vector_quantizer.py:86: FutureWarning: `torch.cuda.amp.autocast(args...)` is deprecated. Please use `torch.amp.autocast('cuda', args...)` instead.
  @torch.cuda.amp.autocast(enabled=False)
/pfs/work9/workspace/scratch/ma_lilipper-lippert_bachelorthesis_ws/miniconda3/envs/diffusion-classifier/lib/python3.9/site-packages/generative/networks/layers/vector_quantizer.py:124: FutureWarning: `torch.cuda.amp.autocast(args...)` is deprecated. Please use `torch.amp.autocast('cuda', args...)` instead.
  @torch.cuda.amp.autocast(enabled=False)
/pfs/work9/workspace/scratch/ma_lilipper-lippert_bachelorthesis_ws/Bachelorarbeit/diffusion_classifier/adapter_multichannel/train_baseline_cn_without_cv_and_dropout_2.py:448: FutureWarning: You are using `torch.load` with `weights_only=False` (the current default value), which uses the default pickle module implicitly. It is possible to construct malicious pickle data which will execute arbitrary code during unpickling (See https://github.com/pytorch/pytorch/blob/main/SECURITY.md#untrusted-models for more details). In a future release, the default value for `weights_only` will be flipped to `True`. This limits the functions that could be executed during unpickling. Arbitrary objects will no longer be allowed to be loaded via this mode unless they are explicitly allowlisted by the user via `torch.serialization.add_safe_globals`. We recommend you start setting `weights_only=True` for any use case where you don't have full control of the loaded file. Please open an issue on GitHub for any issues related to this experimental feature.
  ckpt = torch.load(path_ckpt, map_location="cpu")
Loading results:   0%|          | 0/33 [00:00<?, ?it/s]/pfs/work9/workspace/scratch/ma_lilipper-lippert_bachelorthesis_ws/Bachelorarbeit/diffusion_classifier/pipeline_classifier_with_adapter/eval_the_pipeline_results.py:27: FutureWarning: You are using `torch.load` with `weights_only=False` (the current default value), which uses the default pickle module implicitly. It is possible to construct malicious pickle data which will execute arbitrary code during unpickling (See https://github.com/pytorch/pytorch/blob/main/SECURITY.md#untrusted-models for more details). In a future release, the default value for `weights_only` will be flipped to `True`. This limits the functions that could be executed during unpickling. Arbitrary objects will no longer be allowed to be loaded via this mode unless they are explicitly allowlisted by the user via `torch.serialization.add_safe_globals`. We recommend you start setting `weights_only=True` for any use case where you don't have full control of the loaded file. Please open an issue on GitHub for any issues related to this experimental feature.
  data = torch.load(os.path.join(folder_path, f), map_location=torch.device("cpu"))
Loading results: 100%|██████████| 33/33 [00:00<00:00, 4056.62it/s]
/pfs/work9/workspace/scratch/ma_lilipper-lippert_bachelorthesis_ws/miniconda3/envs/diffusion-classifier/lib/python3.9/site-packages/sklearn/metrics/_classification.py:1565: UndefinedMetricWarning: Precision is ill-defined and being set to 0.0 in labels with no predicted samples. Use `zero_division` parameter to control this behavior.
  _warn_prf(average, modifier, f"{metric.capitalize()} is", len(result))
/pfs/work9/workspace/scratch/ma_lilipper-lippert_bachelorthesis_ws/miniconda3/envs/diffusion-classifier/lib/python3.9/site-packages/sklearn/metrics/_classification.py:1565: UndefinedMetricWarning: Precision is ill-defined and being set to 0.0 in labels with no predicted samples. Use `zero_division` parameter to control this behavior.
  _warn_prf(average, modifier, f"{metric.capitalize()} is", len(result))
/pfs/work9/workspace/scratch/ma_lilipper-lippert_bachelorthesis_ws/miniconda3/envs/diffusion-classifier/lib/python3.9/site-packages/sklearn/metrics/_classification.py:1565: UndefinedMetricWarning: Precision is ill-defined and being set to 0.0 in labels with no predicted samples. Use `zero_division` parameter to control this behavior.
  _warn_prf(average, modifier, f"{metric.capitalize()} is", len(result))
Traceback (most recent call last):
  File "/pfs/work9/workspace/scratch/ma_lilipper-lippert_bachelorthesis_ws/Bachelorarbeit/diffusion_classifier/adapter_multichannel/train_baseline_cn_without_cv_and_dropout_2.py", line 529, in <module>
    main()
  File "/pfs/work9/workspace/scratch/ma_lilipper-lippert_bachelorthesis_ws/Bachelorarbeit/diffusion_classifier/adapter_multichannel/train_baseline_cn_without_cv_and_dropout_2.py", line 525, in main
    evaluate_predictions(final_eval_path, args.save_dir)
  File "/pfs/work9/workspace/scratch/ma_lilipper-lippert_bachelorthesis_ws/Bachelorarbeit/diffusion_classifier/pipeline_classifier_with_adapter/eval_the_pipeline_results.py", line 99, in evaluate_predictions
    Path(output_dir).mkdir(parents=True, exist_ok=True)
  File "/pfs/work9/workspace/scratch/ma_lilipper-lippert_bachelorthesis_ws/miniconda3/envs/diffusion-classifier/lib/python3.9/pathlib.py", line 1000, in __new__
    self = cls._from_parts(args, init=False)
  File "/pfs/work9/workspace/scratch/ma_lilipper-lippert_bachelorthesis_ws/miniconda3/envs/diffusion-classifier/lib/python3.9/pathlib.py", line 625, in _from_parts
    drv, root, parts = self._parse_args(args)
  File "/pfs/work9/workspace/scratch/ma_lilipper-lippert_bachelorthesis_ws/miniconda3/envs/diffusion-classifier/lib/python3.9/pathlib.py", line 609, in _parse_args
    a = os.fspath(a)
TypeError: expected str, bytes or os.PathLike object, not int
